# JRE version: Java(TM) SE Runtime Environment (8.0_05-b13) (build 1.8.0_05-b13)
# Java VM: Java HotSpot(TM) 64-Bit Server VM (25.5-b02 mixed mode linux-amd64 compressed oops)
Heap:
 def new generation   total 14272K, used 0K [0x00000000c0000000, 0x00000000c0f70000, 0x00000000d5550000)
  eden space 12736K,   0% used [0x00000000c0000000, 0x00000000c0000000, 0x00000000c0c70000)
  from space 1536K,   0% used [0x00000000c0df0000, 0x00000000c0df0000, 0x00000000c0f70000)
  to   space 1536K,   0% used [0x00000000c0c70000, 0x00000000c0c70000, 0x00000000c0df0000)
 tenured generation   total 31680K, used 30232K [0x00000000d5550000, 0x00000000d7440000, 0x0000000100000000)
   the space 31680K,  95% used [0x00000000d5550000, 0x00000000d72d6308, 0x00000000d72d6400, 0x00000000d7440000)
 Metaspace       used 29302K, capacity 30552K, committed 30720K, reserved 1075200K
  class space    used 4122K, capacity 4587K, committed 4608K, reserved 1048576K
GC Heap History (10 events):
Event: 24.837 GC heap after
Heap after GC invocations=617 (full 1):
 def new generation   total 14272K, used 1117K [0x00000000c0000000, 0x00000000c0f70000, 0x00000000d5550000)
  eden space 12736K,   0% used [0x00000000c0000000, 0x00000000c0000000, 0x00000000c0c70000)
  from space 1536K,  72% used [0x00000000c0c70000, 0x00000000c0d87798, 0x00000000c0df0000)
  to   space 1536K,   0% used [0x00000000c0df0000, 0x00000000c0df0000, 0x00000000c0f70000)
 tenured generation   total 31488K, used 28959K [0x00000000d5550000, 0x00000000d7410000, 0x0000000100000000)
   the space 31488K,  91% used [0x00000000d5550000, 0x00000000d7197ee0, 0x00000000d7198000, 0x00000000d7410000)
 Metaspace       used 25898K, capacity 26740K, committed 27008K, reserved 1073152K
  class space    used 3606K, capacity 3883K, committed 3968K, reserved 1048576K
}
Event: 26.824 GC heap before
{Heap before GC invocations=617 (full 1):
 def new generation   total 14272K, used 13853K [0x00000000c0000000, 0x00000000c0f70000, 0x00000000d5550000)
  eden space 12736K, 100% used [0x00000000c0000000, 0x00000000c0c70000, 0x00000000c0c70000)
  from space 1536K,  72% used [0x00000000c0c70000, 0x00000000c0d87798, 0x00000000c0df0000)
  to   space 1536K,   0% used [0x00000000c0df0000, 0x00000000c0df0000, 0x00000000c0f70000)
 tenured generation   total 31488K, used 28959K [0x00000000d5550000, 0x00000000d7410000, 0x0000000100000000)
   the space 31488K,  91% used [0x00000000d5550000, 0x00000000d7197ee0, 0x00000000d7198000, 0x00000000d7410000)
 Metaspace       used 27447K, capacity 28350K, committed 28544K, reserved 1073152K
  class space    used 3798K, capacity 4145K, committed 4224K, reserved 1048576K
Event: 26.960 GC heap after
Heap after GC invocations=618 (full 1):
 def new generation   total 14272K, used 1164K [0x00000000c0000000, 0x00000000c0f70000, 0x00000000d5550000)
  eden space 12736K,   0% used [0x00000000c0000000, 0x00000000c0000000, 0x00000000c0c70000)
  from space 1536K,  75% used [0x00000000c0df0000, 0x00000000c0f132e8, 0x00000000c0f70000)
  to   space 1536K,   0% used [0x00000000c0c70000, 0x00000000c0c70000, 0x00000000c0df0000)
 tenured generation   total 31488K, used 29204K [0x00000000d5550000, 0x00000000d7410000, 0x0000000100000000)
   the space 31488K,  92% used [0x00000000d5550000, 0x00000000d71d5188, 0x00000000d71d5200, 0x00000000d7410000)
 Metaspace       used 27447K, capacity 28350K, committed 28544K, reserved 1073152K
  class space    used 3798K, capacity 4145K, committed 4224K, reserved 1048576K
}
Event: 27.724 GC heap before
{Heap before GC invocations=618 (full 1):
 def new generation   total 14272K, used 13900K [0x00000000c0000000, 0x00000000c0f70000, 0x00000000d5550000)
  eden space 12736K, 100% used [0x00000000c0000000, 0x00000000c0c70000, 0x00000000c0c70000)
  from space 1536K,  75% used [0x00000000c0df0000, 0x00000000c0f132e8, 0x00000000c0f70000)
  to   space 1536K,   0% used [0x00000000c0c70000, 0x00000000c0c70000, 0x00000000c0df0000)
 tenured generation   total 31488K, used 29204K [0x00000000d5550000, 0x00000000d7410000, 0x0000000100000000)
   the space 31488K,  92% used [0x00000000d5550000, 0x00000000d71d5188, 0x00000000d71d5200, 0x00000000d7410000)
 Metaspace       used 28029K, capacity 28972K, committed 29184K, reserved 1075200K
  class space    used 3901K, capacity 4227K, committed 4352K, reserved 1048576K
Event: 27.783 GC heap after
Heap after GC invocations=619 (full 1):
 def new generation   total 14272K, used 924K [0x00000000c0000000, 0x00000000c0f70000, 0x00000000d5550000)
  eden space 12736K,   0% used [0x00000000c0000000, 0x00000000c0000000, 0x00000000c0c70000)
  from space 1536K,  60% used [0x00000000c0c70000, 0x00000000c0d571c0, 0x00000000c0df0000)
  to   space 1536K,   0% used [0x00000000c0df0000, 0x00000000c0df0000, 0x00000000c0f70000)
 tenured generation   total 31488K, used 29731K [0x00000000d5550000, 0x00000000d7410000, 0x0000000100000000)
   the space 31488K,  94% used [0x00000000d5550000, 0x00000000d7258e08, 0x00000000d7259000, 0x00000000d7410000)
 Metaspace       used 28029K, capacity 28972K, committed 29184K, reserved 1075200K
  class space    used 3901K, capacity 4227K, committed 4352K, reserved 1048576K
}
Event: 28.495 GC heap before
{Heap before GC invocations=619 (full 1):
 def new generation   total 14272K, used 13660K [0x00000000c0000000, 0x00000000c0f70000, 0x00000000d5550000)
  eden space 12736K, 100% used [0x00000000c0000000, 0x00000000c0c70000, 0x00000000c0c70000)
  from space 1536K,  60% used [0x00000000c0c70000, 0x00000000c0d571c0, 0x00000000c0df0000)
  to   space 1536K,   0% used [0x00000000c0df0000, 0x00000000c0df0000, 0x00000000c0f70000)
 tenured generation   total 31488K, used 29731K [0x00000000d5550000, 0x00000000d7410000, 0x0000000100000000)
   the space 31488K,  94% used [0x00000000d5550000, 0x00000000d7258e08, 0x00000000d7259000, 0x00000000d7410000)
 Metaspace       used 28404K, capacity 29410K, committed 29696K, reserved 1075200K
  class space    used 3976K, capacity 4312K, committed 4352K, reserved 1048576K
Event: 28.660 GC heap after
Heap after GC invocations=620 (full 1):
 def new generation   total 14272K, used 1067K [0x00000000c0000000, 0x00000000c0f70000, 0x00000000d5550000)
  eden space 12736K,   0% used [0x00000000c0000000, 0x00000000c0000000, 0x00000000c0c70000)
  from space 1536K,  69% used [0x00000000c0df0000, 0x00000000c0efacf0, 0x00000000c0f70000)
  to   space 1536K,   0% used [0x00000000c0c70000, 0x00000000c0c70000, 0x00000000c0df0000)
 tenured generation   total 31488K, used 30253K [0x00000000d5550000, 0x00000000d7410000, 0x0000000100000000)
   the space 31488K,  96% used [0x00000000d5550000, 0x00000000d72db718, 0x00000000d72db800, 0x00000000d7410000)
 Metaspace       used 28404K, capacity 29410K, committed 29696K, reserved 1075200K
  class space    used 3976K, capacity 4312K, committed 4352K, reserved 1048576K
}
Event: 30.066 GC heap before
{Heap before GC invocations=620 (full 1):
 def new generation   total 14272K, used 13803K [0x00000000c0000000, 0x00000000c0f70000, 0x00000000d5550000)
  eden space 12736K, 100% used [0x00000000c0000000, 0x00000000c0c70000, 0x00000000c0c70000)
  from space 1536K,  69% used [0x00000000c0df0000, 0x00000000c0efacf0, 0x00000000c0f70000)
  to   space 1536K,   0% used [0x00000000c0c70000, 0x00000000c0c70000, 0x00000000c0df0000)
 tenured generation   total 31488K, used 30253K [0x00000000d5550000, 0x00000000d7410000, 0x0000000100000000)
   the space 31488K,  96% used [0x00000000d5550000, 0x00000000d72db718, 0x00000000d72db800, 0x00000000d7410000)
 Metaspace       used 28745K, capacity 29866K, committed 30080K, reserved 1075200K
  class space    used 4051K, capacity 4420K, committed 4480K, reserved 1048576K
Event: 30.127 GC heap after
Heap after GC invocations=621 (full 1):
 def new generation   total 14272K, used 815K [0x00000000c0000000, 0x00000000c0f70000, 0x00000000d5550000)
  eden space 12736K,   0% used [0x00000000c0000000, 0x00000000c0000000, 0x00000000c0c70000)
  from space 1536K,  53% used [0x00000000c0c70000, 0x00000000c0d3bc48, 0x00000000c0df0000)
  to   space 1536K,   0% used [0x00000000c0df0000, 0x00000000c0df0000, 0x00000000c0f70000)
 tenured generation   total 31488K, used 31092K [0x00000000d5550000, 0x00000000d7410000, 0x0000000100000000)
   the space 31488K,  98% used [0x00000000d5550000, 0x00000000d73ad110, 0x00000000d73ad200, 0x00000000d7410000)
 Metaspace       used 28745K, capacity 29866K, committed 30080K, reserved 1075200K
  class space    used 4051K, capacity 4420K, committed 4480K, reserved 1048576K
}
Event: 32.982 GC heap before
{Heap before GC invocations=621 (full 1):
 def new generation   total 14272K, used 13551K [0x00000000c0000000, 0x00000000c0f70000, 0x00000000d5550000)
  eden space 12736K, 100% used [0x00000000c0000000, 0x00000000c0c70000, 0x00000000c0c70000)
  from space 1536K,  53% used [0x00000000c0c70000, 0x00000000c0d3bc48, 0x00000000c0df0000)
  to   space 1536K,   0% used [0x00000000c0df0000, 0x00000000c0df0000, 0x00000000c0f70000)
 tenured generation   total 31488K, used 31092K [0x00000000d5550000, 0x00000000d7410000, 0x0000000100000000)
   the space 31488K,  98% used [0x00000000d5550000, 0x00000000d73ad110, 0x00000000d73ad200, 0x00000000d7410000)
 Metaspace       used 29302K, capacity 30552K, committed 30720K, reserved 1075200K
  class space    used 4122K, capacity 4587K, committed 4608K, reserved 1048576K

