# JRE version: Java(TM) SE Runtime Environment (8.0_05-b13) (build 1.8.0_05-b13)
# Java VM: Java HotSpot(TM) 64-Bit Server VM (25.5-b02 mixed mode linux-amd64 compressed oops)
Heap:
 def new generation   total 14272K, used 0K [0x00000000c0000000, 0x00000000c0f70000, 0x00000000d5550000)
  eden space 12736K,   0% used [0x00000000c0000000, 0x00000000c0000000, 0x00000000c0c70000)
  from space 1536K,   0% used [0x00000000c0c70000, 0x00000000c0c70000, 0x00000000c0df0000)
  to   space 1536K,   0% used [0x00000000c0df0000, 0x00000000c0df0000, 0x00000000c0f70000)
 tenured generation   total 31872K, used 29992K [0x00000000d5550000, 0x00000000d7470000, 0x0000000100000000)
   the space 31872K,  94% used [0x00000000d5550000, 0x00000000d729a3b0, 0x00000000d729a400, 0x00000000d7470000)
 Metaspace       used 28777K, capacity 29842K, committed 30080K, reserved 1075200K
  class space    used 4036K, capacity 4376K, committed 4480K, reserved 1048576K
GC Heap History (10 events):
Event: 28.986 GC heap after
Heap after GC invocations=632 (full 1):
 def new generation   total 14272K, used 835K [0x00000000c0000000, 0x00000000c0f70000, 0x00000000d5550000)
  eden space 12736K,   0% used [0x00000000c0000000, 0x00000000c0000000, 0x00000000c0c70000)
  from space 1536K,  54% used [0x00000000c0df0000, 0x00000000c0ec0fe8, 0x00000000c0f70000)
  to   space 1536K,   0% used [0x00000000c0c70000, 0x00000000c0c70000, 0x00000000c0df0000)
 tenured generation   total 31488K, used 29332K [0x00000000d5550000, 0x00000000d7410000, 0x0000000100000000)
   the space 31488K,  93% used [0x00000000d5550000, 0x00000000d71f51c8, 0x00000000d71f5200, 0x00000000d7410000)
 Metaspace       used 24560K, capacity 25394K, committed 25472K, reserved 1071104K
  class space    used 3391K, capacity 3690K, committed 3712K, reserved 1048576K
}
Event: 30.854 GC heap before
{Heap before GC invocations=632 (full 1):
 def new generation   total 14272K, used 13571K [0x00000000c0000000, 0x00000000c0f70000, 0x00000000d5550000)
  eden space 12736K, 100% used [0x00000000c0000000, 0x00000000c0c70000, 0x00000000c0c70000)
  from space 1536K,  54% used [0x00000000c0df0000, 0x00000000c0ec0fe8, 0x00000000c0f70000)
  to   space 1536K,   0% used [0x00000000c0c70000, 0x00000000c0c70000, 0x00000000c0df0000)
 tenured generation   total 31488K, used 29332K [0x00000000d5550000, 0x00000000d7410000, 0x0000000100000000)
   the space 31488K,  93% used [0x00000000d5550000, 0x00000000d71f51c8, 0x00000000d71f5200, 0x00000000d7410000)
 Metaspace       used 25776K, capacity 26552K, committed 26752K, reserved 1073152K
  class space    used 3581K, capacity 3883K, committed 3968K, reserved 1048576K
Event: 30.893 GC heap after
Heap after GC invocations=633 (full 1):
 def new generation   total 14272K, used 1359K [0x00000000c0000000, 0x00000000c0f70000, 0x00000000d5550000)
  eden space 12736K,   0% used [0x00000000c0000000, 0x00000000c0000000, 0x00000000c0c70000)
  from space 1536K,  88% used [0x00000000c0c70000, 0x00000000c0dc3e58, 0x00000000c0df0000)
  to   space 1536K,   0% used [0x00000000c0df0000, 0x00000000c0df0000, 0x00000000c0f70000)
 tenured generation   total 31488K, used 30067K [0x00000000d5550000, 0x00000000d7410000, 0x0000000100000000)
   the space 31488K,  95% used [0x00000000d5550000, 0x00000000d72acfa8, 0x00000000d72ad000, 0x00000000d7410000)
 Metaspace       used 25776K, capacity 26552K, committed 26752K, reserved 1073152K
  class space    used 3581K, capacity 3883K, committed 3968K, reserved 1048576K
}
Event: 32.357 GC heap before
{Heap before GC invocations=633 (full 1):
 def new generation   total 14272K, used 14095K [0x00000000c0000000, 0x00000000c0f70000, 0x00000000d5550000)
  eden space 12736K, 100% used [0x00000000c0000000, 0x00000000c0c70000, 0x00000000c0c70000)
  from space 1536K,  88% used [0x00000000c0c70000, 0x00000000c0dc3e58, 0x00000000c0df0000)
  to   space 1536K,   0% used [0x00000000c0df0000, 0x00000000c0df0000, 0x00000000c0f70000)
 tenured generation   total 31488K, used 30067K [0x00000000d5550000, 0x00000000d7410000, 0x0000000100000000)
   the space 31488K,  95% used [0x00000000d5550000, 0x00000000d72acfa8, 0x00000000d72ad000, 0x00000000d7410000)
 Metaspace       used 27515K, capacity 28552K, committed 28800K, reserved 1073152K
  class space    used 3801K, capacity 4147K, committed 4224K, reserved 1048576K
Event: 32.424 GC heap after
Heap after GC invocations=634 (full 1):
 def new generation   total 14272K, used 1208K [0x00000000c0000000, 0x00000000c0f70000, 0x00000000d5550000)
  eden space 12736K,   0% used [0x00000000c0000000, 0x00000000c0000000, 0x00000000c0c70000)
  from space 1536K,  78% used [0x00000000c0df0000, 0x00000000c0f1e128, 0x00000000c0f70000)
  to   space 1536K,   0% used [0x00000000c0c70000, 0x00000000c0c70000, 0x00000000c0df0000)
 tenured generation   total 31488K, used 30257K [0x00000000d5550000, 0x00000000d7410000, 0x0000000100000000)
   the space 31488K,  96% used [0x00000000d5550000, 0x00000000d72dc5e0, 0x00000000d72dc600, 0x00000000d7410000)
 Metaspace       used 27515K, capacity 28552K, committed 28800K, reserved 1073152K
  class space    used 3801K, capacity 4147K, committed 4224K, reserved 1048576K
}
Event: 35.031 GC heap before
{Heap before GC invocations=634 (full 1):
 def new generation   total 14272K, used 13944K [0x00000000c0000000, 0x00000000c0f70000, 0x00000000d5550000)
  eden space 12736K, 100% used [0x00000000c0000000, 0x00000000c0c70000, 0x00000000c0c70000)
  from space 1536K,  78% used [0x00000000c0df0000, 0x00000000c0f1e128, 0x00000000c0f70000)
  to   space 1536K,   0% used [0x00000000c0c70000, 0x00000000c0c70000, 0x00000000c0df0000)
 tenured generation   total 31488K, used 30257K [0x00000000d5550000, 0x00000000d7410000, 0x0000000100000000)
   the space 31488K,  96% used [0x00000000d5550000, 0x00000000d72dc5e0, 0x00000000d72dc600, 0x00000000d7410000)
 Metaspace       used 27985K, capacity 28890K, committed 29056K, reserved 1075200K
  class space    used 3868K, capacity 4221K, committed 4224K, reserved 1048576K
Event: 35.066 GC heap after
Heap after GC invocations=635 (full 1):
 def new generation   total 14272K, used 873K [0x00000000c0000000, 0x00000000c0f70000, 0x00000000d5550000)
  eden space 12736K,   0% used [0x00000000c0000000, 0x00000000c0000000, 0x00000000c0c70000)
  from space 1536K,  56% used [0x00000000c0c70000, 0x00000000c0d4a710, 0x00000000c0df0000)
  to   space 1536K,   0% used [0x00000000c0df0000, 0x00000000c0df0000, 0x00000000c0f70000)
 tenured generation   total 31488K, used 30640K [0x00000000d5550000, 0x00000000d7410000, 0x0000000100000000)
   the space 31488K,  97% used [0x00000000d5550000, 0x00000000d733c380, 0x00000000d733c400, 0x00000000d7410000)
 Metaspace       used 27985K, capacity 28890K, committed 29056K, reserved 1075200K
  class space    used 3868K, capacity 4221K, committed 4224K, reserved 1048576K
}
Event: 36.459 GC heap before
{Heap before GC invocations=635 (full 1):
 def new generation   total 14272K, used 13609K [0x00000000c0000000, 0x00000000c0f70000, 0x00000000d5550000)
  eden space 12736K, 100% used [0x00000000c0000000, 0x00000000c0c70000, 0x00000000c0c70000)
  from space 1536K,  56% used [0x00000000c0c70000, 0x00000000c0d4a710, 0x00000000c0df0000)
  to   space 1536K,   0% used [0x00000000c0df0000, 0x00000000c0df0000, 0x00000000c0f70000)
 tenured generation   total 31488K, used 30640K [0x00000000d5550000, 0x00000000d7410000, 0x0000000100000000)
   the space 31488K,  97% used [0x00000000d5550000, 0x00000000d733c380, 0x00000000d733c400, 0x00000000d7410000)
 Metaspace       used 28405K, capacity 29472K, committed 29696K, reserved 1075200K
  class space    used 3952K, capacity 4310K, committed 4352K, reserved 1048576K
Event: 36.508 GC heap after
Heap after GC invocations=636 (full 1):
 def new generation   total 14272K, used 904K [0x00000000c0000000, 0x00000000c0f70000, 0x00000000d5550000)
  eden space 12736K,   0% used [0x00000000c0000000, 0x00000000c0000000, 0x00000000c0c70000)
  from space 1536K,  58% used [0x00000000c0df0000, 0x00000000c0ed23c0, 0x00000000c0f70000)
  to   space 1536K,   0% used [0x00000000c0c70000, 0x00000000c0c70000, 0x00000000c0df0000)
 tenured generation   total 31488K, used 31219K [0x00000000d5550000, 0x00000000d7410000, 0x0000000100000000)
   the space 31488K,  99% used [0x00000000d5550000, 0x00000000d73cce40, 0x00000000d73cd000, 0x00000000d7410000)
 Metaspace       used 28405K, capacity 29472K, committed 29696K, reserved 1075200K
  class space    used 3952K, capacity 4310K, committed 4352K, reserved 1048576K
}
Event: 39.108 GC heap before
{Heap before GC invocations=636 (full 1):
 def new generation   total 14272K, used 13640K [0x00000000c0000000, 0x00000000c0f70000, 0x00000000d5550000)
  eden space 12736K, 100% used [0x00000000c0000000, 0x00000000c0c70000, 0x00000000c0c70000)
  from space 1536K,  58% used [0x00000000c0df0000, 0x00000000c0ed23c0, 0x00000000c0f70000)
  to   space 1536K,   0% used [0x00000000c0c70000, 0x00000000c0c70000, 0x00000000c0df0000)
 tenured generation   total 31488K, used 31219K [0x00000000d5550000, 0x00000000d7410000, 0x0000000100000000)
   the space 31488K,  99% used [0x00000000d5550000, 0x00000000d73cce40, 0x00000000d73cd000, 0x00000000d7410000)
 Metaspace       used 28777K, capacity 29842K, committed 30080K, reserved 1075200K
  class space    used 4036K, capacity 4376K, committed 4480K, reserved 1048576K

